1517193851793	geckodriver	INFO	geckodriver 0.19.1
1517193851807	geckodriver	INFO	Listening on 127.0.0.1:37966
1517193854923	mozrunner::runner	INFO	Running command: "C:\\Program Files\\Mozilla Firefox\\firefox.exe" "-marionette" "-profile" "C:\\Users\\Oscar\\AppData\\Local\\Temp\\rust_mozprofile.qZFbEQ7Md0Fd"
1517193857561	Marionette	INFO	Enabled via --marionette
1517193860645	Marionette	INFO	Listening on port 37974
1517193860662	Marionette	WARN	TLS certificate errors will be ignored for this session
Unable to read VR Path Registry from C:\Users\Oscar\AppData\Local\openvr\openvrpaths.vrpath
[Child 9800, Chrome_ChildThread] WARNING: pipe error: 109: file z:/build/build/src/ipc/chromium/src/chrome/common/ipc_channel_win.cc, line 346
Unable to read VR Path Registry from C:\Users\Oscar\AppData\Local\openvr\openvrpaths.vrpath
[Child 13012, Chrome_ChildThread] WARNING: pipe error: 109: file z:/build/build/src/ipc/chromium/src/chrome/common/ipc_channel_win.cc, line 346
Unable to read VR Path Registry from C:\Users\Oscar\AppData\Local\openvr\openvrpaths.vrpath
[Child 16756, Chrome_ChildThread] WARNING: pipe error: 109: file z:/build/build/src/ipc/chromium/src/chrome/common/ipc_channel_win.cc, line 346
[Child 9800, Chrome_ChildThread] WARNING: pipe error: 109: file z:/build/build/src/ipc/chromium/src/chrome/common/ipc_channel_win.cc, line 346
[Child 13012, Chrome_ChildThread] WARNING: pipe error: 109: file z:/build/build/src/ipc/chromium/src/chrome/common/ipc_channel_win.cc, line 346
[Child 16756, Chrome_ChildThread] WARNING: pipe error: 109: file z:/build/build/src/ipc/chromium/src/chrome/common/ipc_channel_win.cc, line 346
Unable to read VR Path Registry from C:\Users\Oscar\AppData\Local\openvr\openvrpaths.vrpath
[GPU 14940, Chrome_ChildThread] WARNING: pipe error: 109: file z:/build/build/src/ipc/chromium/src/chrome/common/ipc_channel_win.cc, line 346

###!!! [Child][MessageChannel::SendAndWait] Error: Channel error: cannot send/recv

Unable to read VR Path Registry from C:\Users\Oscar\AppData\Local\openvr\openvrpaths.vrpath
1517194006031	geckodriver	INFO	geckodriver 0.19.1
1517194006037	geckodriver	INFO	Listening on 127.0.0.1:38021
1517194009144	mozrunner::runner	INFO	Running command: "C:\\Program Files\\Mozilla Firefox\\firefox.exe" "-marionette" "-profile" "C:\\Users\\Oscar\\AppData\\Local\\Temp\\rust_mozprofile.stFRs1zBneG9"
1517194010599	Marionette	INFO	Enabled via --marionette
1517194013806	Marionette	INFO	Listening on port 38029
1517194015125	Marionette	WARN	TLS certificate errors will be ignored for this session
Unable to read VR Path Registry from C:\Users\Oscar\AppData\Local\openvr\openvrpaths.vrpath
[Parent 18012, Gecko_IOThread] WARNING: pipe error: 109: file z:/build/build/src/ipc/chromium/src/chrome/common/ipc_channel_win.cc, line 346
1517194042947	addons.productaddons	WARN	Failed downloading via XHR, status: 0, reason: error
Unable to read VR Path Registry from C:\Users\Oscar\AppData\Local\openvr\openvrpaths.vrpath
[Child 11736, Chrome_ChildThread] WARNING: pipe error: 109: file z:/build/build/src/ipc/chromium/src/chrome/common/ipc_channel_win.cc, line 346
[Child 11736, Chrome_ChildThread] WARNING: pipe error: 109: file z:/build/build/src/ipc/chromium/src/chrome/common/ipc_channel_win.cc, line 346
Unable to read VR Path Registry from C:\Users\Oscar\AppData\Local\openvr\openvrpaths.vrpath
[Child 14824, Chrome_ChildThread] WARNING: pipe error: 109: file z:/build/build/src/ipc/chromium/src/chrome/common/ipc_channel_win.cc, line 346
[Child 14824, Chrome_ChildThread] WARNING: pipe error: 109: file z:/build/build/src/ipc/chromium/src/chrome/common/ipc_channel_win.cc, line 346
[Parent 18012, Gecko_IOThread] WARNING: pipe error: 109: file z:/build/build/src/ipc/chromium/src/chrome/common/ipc_channel_win.cc, line 346
*** UTM:SVC TimerManager:registerTimer called after profile-before-change notification. Ignoring timer registration for id: telemetry_modules_ping
Unable to read VR Path Registry from C:\Users\Oscar\AppData\Local\openvr\openvrpaths.vrpath
[GPU 7812, Chrome_ChildThread] WARNING: pipe error: 109: file z:/build/build/src/ipc/chromium/src/chrome/common/ipc_channel_win.cc, line 346

###!!! [Child][MessageChannel::SendAndWait] Error: Channel error: cannot send/recv

1517194060460	geckodriver	INFO	geckodriver 0.19.1
1517194060466	geckodriver	INFO	Listening on 127.0.0.1:38077
1517194063600	mozrunner::runner	INFO	Running command: "C:\\Program Files\\Mozilla Firefox\\firefox.exe" "-marionette" "-profile" "C:\\Users\\Oscar\\AppData\\Local\\Temp\\rust_mozprofile.70wQDuM8jxK0"
1517194064803	Marionette	INFO	Enabled via --marionette
1517194067810	Marionette	INFO	Listening on port 38085
1517194067853	Marionette	WARN	TLS certificate errors will be ignored for this session
Unable to read VR Path Registry from C:\Users\Oscar\AppData\Local\openvr\openvrpaths.vrpath
[Parent 16528, Gecko_IOThread] WARNING: pipe error: 109: file z:/build/build/src/ipc/chromium/src/chrome/common/ipc_channel_win.cc, line 346
Unable to read VR Path Registry from C:\Users\Oscar\AppData\Local\openvr\openvrpaths.vrpath
[Child 2472, Chrome_ChildThread] WARNING: pipe error: 109: file z:/build/build/src/ipc/chromium/src/chrome/common/ipc_channel_win.cc, line 346
[Child 2472, Chrome_ChildThread] WARNING: pipe error: 109: file z:/build/build/src/ipc/chromium/src/chrome/common/ipc_channel_win.cc, line 346
Unable to read VR Path Registry from C:\Users\Oscar\AppData\Local\openvr\openvrpaths.vrpath
[Child 18244, Chrome_ChildThread] WARNING: pipe error: 109: file z:/build/build/src/ipc/chromium/src/chrome/common/ipc_channel_win.cc, line 346
[Child 18244, Chrome_ChildThread] WARNING: pipe error: 109: file z:/build/build/src/ipc/chromium/src/chrome/common/ipc_channel_win.cc, line 346
[Parent 16528, Gecko_IOThread] WARNING: pipe error: 109: file z:/build/build/src/ipc/chromium/src/chrome/common/ipc_channel_win.cc, line 346
*** UTM:SVC TimerManager:registerTimer called after profile-before-change notification. Ignoring timer registration for id: telemetry_modules_ping
Unable to read VR Path Registry from C:\Users\Oscar\AppData\Local\openvr\openvrpaths.vrpath
[GPU 5176, Chrome_ChildThread] WARNING: pipe error: 109: file z:/build/build/src/ipc/chromium/src/chrome/common/ipc_channel_win.cc, line 346

###!!! [Child][MessageChannel::SendAndWait] Error: Channel error: cannot send/recv

1517199126092	geckodriver	INFO	geckodriver 0.19.1
1517199126102	geckodriver	INFO	Listening on 127.0.0.1:38215
1517199129219	mozrunner::runner	INFO	Running command: "C:\\Program Files\\Mozilla Firefox\\firefox.exe" "-marionette" "-profile" "C:\\Users\\Oscar\\AppData\\Local\\Temp\\rust_mozprofile.lvL55tx66B0v"
1517199131353	Marionette	INFO	Enabled via --marionette
1517199134405	Marionette	INFO	Listening on port 38223
1517199134463	Marionette	WARN	TLS certificate errors will be ignored for this session
1517199135266	addons.xpi	WARN	Exception running bootstrap method shutdown on activity-stream@mozilla.org: [Exception... "Component returned failure code: 0x80004005 (NS_ERROR_FAILURE) [nsIObserverService.removeObserver]"  nsresult: "0x80004005 (NS_ERROR_FAILURE)"  location: "JS frame :: resource://activity-stream/lib/SnippetsFeed.jsm :: uninit :: line 125"  data: no] Stack trace: uninit()@resource://activity-stream/lib/SnippetsFeed.jsm:125 < onAction()@resource://activity-stream/lib/SnippetsFeed.jsm:141 < _middleware/</<()@resource://activity-stream/lib/Store.jsm:51 < Store/this[method]()@resource://activity-stream/lib/Store.jsm:30 < uninit()@resource://activity-stream/lib/Store.jsm:153 < uninit()@resource://activity-stream/lib/ActivityStream.jsm:278 < uninit()@resource://gre/modules/addons/XPIProvider.jsm -> jar:file:///C:/Program%20Files/Mozilla%20Firefox/browser/features/activity-stream@mozilla.org.xpi!/bootstrap.js:80 < shutdown()@resource://gre/modules/addons/XPIProvider.jsm -> jar:file:///C:/Program%20Files/Mozilla%20Firefox/browser/features/activity-stream@mozilla.org.xpi!/bootstrap.js:196 < callBootstrapMethod()@resource://gre/modules/addons/XPIProvider.jsm:4406 < observe()@resource://gre/modules/addons/XPIProvider.jsm:2270 < GeckoDriver.prototype.quit()@driver.js:3381 < despatch()@server.js:560 < execute()@server.js:534 < onPacket/<()@server.js:509 < onPacket()@server.js:508 < _onJSONObjectReady/<()@transport.js:500
Unable to read VR Path Registry from C:\Users\Oscar\AppData\Local\openvr\openvrpaths.vrpath
[Parent 4556, Gecko_IOThread] WARNING: pipe error: 109: file z:/build/build/src/ipc/chromium/src/chrome/common/ipc_channel_win.cc, line 346
1517361035500	geckodriver	INFO	geckodriver 0.19.1
1517361035512	geckodriver	INFO	Listening on 127.0.0.1:41836
1517361038689	mozrunner::runner	INFO	Running command: "C:\\Program Files\\Mozilla Firefox\\firefox.exe" "-marionette" "-profile" "C:\\Users\\Oscar\\AppData\\Local\\Temp\\rust_mozprofile.LQKccOWuwcfL"
1517361039966	Marionette	INFO	Enabled via --marionette
1517361044465	Marionette	INFO	Listening on port 41844
1517361045229	Marionette	WARN	TLS certificate errors will be ignored for this session
1517361046469	addons.xpi	WARN	Exception running bootstrap method shutdown on activity-stream@mozilla.org: [Exception... "Component returned failure code: 0x80004005 (NS_ERROR_FAILURE) [nsIObserverService.removeObserver]"  nsresult: "0x80004005 (NS_ERROR_FAILURE)"  location: "JS frame :: resource://activity-stream/lib/SnippetsFeed.jsm :: uninit :: line 125"  data: no] Stack trace: uninit()@resource://activity-stream/lib/SnippetsFeed.jsm:125 < onAction()@resource://activity-stream/lib/SnippetsFeed.jsm:141 < _middleware/</<()@resource://activity-stream/lib/Store.jsm:51 < Store/this[method]()@resource://activity-stream/lib/Store.jsm:30 < uninit()@resource://activity-stream/lib/Store.jsm:153 < uninit()@resource://activity-stream/lib/ActivityStream.jsm:278 < uninit()@resource://gre/modules/addons/XPIProvider.jsm -> jar:file:///C:/Program%20Files/Mozilla%20Firefox/browser/features/activity-stream@mozilla.org.xpi!/bootstrap.js:80 < shutdown()@resource://gre/modules/addons/XPIProvider.jsm -> jar:file:///C:/Program%20Files/Mozilla%20Firefox/browser/features/activity-stream@mozilla.org.xpi!/bootstrap.js:196 < callBootstrapMethod()@resource://gre/modules/addons/XPIProvider.jsm:4406 < observe()@resource://gre/modules/addons/XPIProvider.jsm:2270 < GeckoDriver.prototype.quit()@driver.js:3381 < despatch()@server.js:560 < execute()@server.js:534 < onPacket/<()@server.js:509 < onPacket()@server.js:508 < _onJSONObjectReady/<()@transport.js:500
1517372116551	geckodriver	INFO	geckodriver 0.19.1
1517372116566	geckodriver	INFO	Listening on 127.0.0.1:42548
1517372119657	mozrunner::runner	INFO	Running command: "C:\\Program Files\\Mozilla Firefox\\firefox.exe" "-marionette" "-profile" "C:\\Users\\Oscar\\AppData\\Local\\Temp\\rust_mozprofile.9LTnakljwt79"
1517372121790	Marionette	INFO	Enabled via --marionette
1517372127233	Marionette	INFO	Listening on port 42557
1517372127630	Marionette	WARN	TLS certificate errors will be ignored for this session
1517372342317	geckodriver	INFO	geckodriver 0.19.1
1517372342317	geckodriver	INFO	Listening on 127.0.0.1:42600
1517372345412	mozrunner::runner	INFO	Running command: "C:\\Program Files\\Mozilla Firefox\\firefox.exe" "-marionette" "-profile" "C:\\Users\\Oscar\\AppData\\Local\\Temp\\rust_mozprofile.NH6lkAePq5Yf"
1517372347302	Marionette	INFO	Enabled via --marionette
1517372351097	Marionette	INFO	Listening on port 42608
1517372351273	Marionette	WARN	TLS certificate errors will be ignored for this session
1517543707082	geckodriver	INFO	geckodriver 0.19.1
1517543707113	geckodriver	INFO	Listening on 127.0.0.1:51533
1517543710750	mozrunner::runner	INFO	Running command: "C:\\Program Files\\Mozilla Firefox\\firefox.exe" "-marionette" "-profile" "C:\\Users\\Oscar\\AppData\\Local\\Temp\\rust_mozprofile.ImLjO3QlPz9G"
1517543718222	Marionette	INFO	Enabled via --marionette
Unable to read VR Path Registry from C:\Users\Oscar\AppData\Local\openvr\openvrpaths.vrpath
[Child 22980, Chrome_ChildThread] WARNING: pipe error: 109: file z:/build/build/src/ipc/chromium/src/chrome/common/ipc_channel_win.cc, line 346
1517543745879	Marionette	INFO	Listening on port 51542
1517543747013	Marionette	WARN	TLS certificate errors will be ignored for this session
1517543752186	addons.xpi	WARN	Exception running bootstrap method shutdown on activity-stream@mozilla.org: [Exception... "Component returned failure code: 0x80004005 (NS_ERROR_FAILURE) [nsIObserverService.removeObserver]"  nsresult: "0x80004005 (NS_ERROR_FAILURE)"  location: "JS frame :: resource://activity-stream/lib/SnippetsFeed.jsm :: uninit :: line 125"  data: no] Stack trace: uninit()@resource://activity-stream/lib/SnippetsFeed.jsm:125 < onAction()@resource://activity-stream/lib/SnippetsFeed.jsm:141 < _middleware/</<()@resource://activity-stream/lib/Store.jsm:51 < Store/this[method]()@resource://activity-stream/lib/Store.jsm:30 < uninit()@resource://activity-stream/lib/Store.jsm:153 < uninit()@resource://activity-stream/lib/ActivityStream.jsm:278 < uninit()@resource://gre/modules/addons/XPIProvider.jsm -> jar:file:///C:/Program%20Files/Mozilla%20Firefox/browser/features/activity-stream@mozilla.org.xpi!/bootstrap.js:80 < shutdown()@resource://gre/modules/addons/XPIProvider.jsm -> jar:file:///C:/Program%20Files/Mozilla%20Firefox/browser/features/activity-stream@mozilla.org.xpi!/bootstrap.js:196 < callBootstrapMethod()@resource://gre/modules/addons/XPIProvider.jsm:4406 < observe()@resource://gre/modules/addons/XPIProvider.jsm:2270 < GeckoDriver.prototype.quit()@driver.js:3381 < despatch()@server.js:560 < execute()@server.js:534 < onPacket/<()@server.js:509 < onPacket()@server.js:508 < _onJSONObjectReady/<()@transport.js:500
1518061532711	geckodriver	INFO	geckodriver 0.19.1
1518061532743	geckodriver	INFO	Listening on 127.0.0.1:63729
1518061536318	mozrunner::runner	INFO	Running command: "C:\\Program Files\\Mozilla Firefox\\firefox.exe" "-marionette" "-profile" "C:\\Users\\Oscar\\AppData\\Local\\Temp\\rust_mozprofile.fqx0KyZRuUtn"
1518061541594	Marionette	INFO	Enabled via --marionette
1518061550291	Marionette	INFO	Listening on port 63738
1518061550356	Marionette	WARN	TLS certificate errors will be ignored for this session
1518061552572	addons.xpi	WARN	Exception running bootstrap method shutdown on activity-stream@mozilla.org: [Exception... "Component returned failure code: 0x80004005 (NS_ERROR_FAILURE) [nsIObserverService.removeObserver]"  nsresult: "0x80004005 (NS_ERROR_FAILURE)"  location: "JS frame :: resource://activity-stream/lib/SnippetsFeed.jsm :: uninit :: line 125"  data: no] Stack trace: uninit()@resource://activity-stream/lib/SnippetsFeed.jsm:125 < onAction()@resource://activity-stream/lib/SnippetsFeed.jsm:141 < _middleware/</<()@resource://activity-stream/lib/Store.jsm:51 < Store/this[method]()@resource://activity-stream/lib/Store.jsm:30 < uninit()@resource://activity-stream/lib/Store.jsm:153 < uninit()@resource://activity-stream/lib/ActivityStream.jsm:278 < uninit()@resource://gre/modules/addons/XPIProvider.jsm -> jar:file:///C:/Program%20Files/Mozilla%20Firefox/browser/features/activity-stream@mozilla.org.xpi!/bootstrap.js:80 < shutdown()@resource://gre/modules/addons/XPIProvider.jsm -> jar:file:///C:/Program%20Files/Mozilla%20Firefox/browser/features/activity-stream@mozilla.org.xpi!/bootstrap.js:196 < callBootstrapMethod()@resource://gre/modules/addons/XPIProvider.jsm:4406 < observe()@resource://gre/modules/addons/XPIProvider.jsm:2270 < GeckoDriver.prototype.quit()@driver.js:3381 < despatch()@server.js:560 < execute()@server.js:534 < onPacket/<()@server.js:509 < onPacket()@server.js:508 < _onJSONObjectReady/<()@transport.js:500
1518062599790	geckodriver	INFO	geckodriver 0.19.1
1518062599806	geckodriver	INFO	Listening on 127.0.0.1:63822
1518062602984	mozrunner::runner	INFO	Running command: "C:\\Program Files\\Mozilla Firefox\\firefox.exe" "-marionette" "-profile" "C:\\Users\\Oscar\\AppData\\Local\\Temp\\rust_mozprofile.XL2pZMOEqX02"
1518062605534	Marionette	INFO	Enabled via --marionette
1518062608440	Marionette	INFO	Listening on port 63830
1518062609069	Marionette	WARN	TLS certificate errors will be ignored for this session
1518062609766	addons.xpi	WARN	Exception running bootstrap method shutdown on activity-stream@mozilla.org: [Exception... "Component returned failure code: 0x80004005 (NS_ERROR_FAILURE) [nsIObserverService.removeObserver]"  nsresult: "0x80004005 (NS_ERROR_FAILURE)"  location: "JS frame :: resource://activity-stream/lib/SnippetsFeed.jsm :: uninit :: line 125"  data: no] Stack trace: uninit()@resource://activity-stream/lib/SnippetsFeed.jsm:125 < onAction()@resource://activity-stream/lib/SnippetsFeed.jsm:141 < _middleware/</<()@resource://activity-stream/lib/Store.jsm:51 < Store/this[method]()@resource://activity-stream/lib/Store.jsm:30 < uninit()@resource://activity-stream/lib/Store.jsm:153 < uninit()@resource://activity-stream/lib/ActivityStream.jsm:278 < uninit()@resource://gre/modules/addons/XPIProvider.jsm -> jar:file:///C:/Program%20Files/Mozilla%20Firefox/browser/features/activity-stream@mozilla.org.xpi!/bootstrap.js:80 < shutdown()@resource://gre/modules/addons/XPIProvider.jsm -> jar:file:///C:/Program%20Files/Mozilla%20Firefox/browser/features/activity-stream@mozilla.org.xpi!/bootstrap.js:196 < callBootstrapMethod()@resource://gre/modules/addons/XPIProvider.jsm:4406 < observe()@resource://gre/modules/addons/XPIProvider.jsm:2270 < GeckoDriver.prototype.quit()@driver.js:3381 < despatch()@server.js:560 < execute()@server.js:534 < onPacket/<()@server.js:509 < onPacket()@server.js:508 < _onJSONObjectReady/<()@transport.js:500
Unable to read VR Path Registry from C:\Users\Oscar\AppData\Local\openvr\openvrpaths.vrpath
[Parent 23444, Gecko_IOThread] WARNING: pipe error: 109: file z:/build/build/src/ipc/chromium/src/chrome/common/ipc_channel_win.cc, line 346
1518063436716	geckodriver	INFO	geckodriver 0.19.1
1518063436731	geckodriver	INFO	Listening on 127.0.0.1:63906
1518063439890	mozrunner::runner	INFO	Running command: "C:\\Program Files\\Mozilla Firefox\\firefox.exe" "-marionette" "-profile" "C:\\Users\\Oscar\\AppData\\Local\\Temp\\rust_mozprofile.eZAvFQkbQAuc"
1518063440799	Marionette	INFO	Enabled via --marionette
1518063443669	Marionette	INFO	Listening on port 63914
1518063444256	Marionette	WARN	TLS certificate errors will be ignored for this session
1518063445330	addons.xpi	WARN	Exception running bootstrap method shutdown on activity-stream@mozilla.org: [Exception... "Component returned failure code: 0x80004005 (NS_ERROR_FAILURE) [nsIObserverService.removeObserver]"  nsresult: "0x80004005 (NS_ERROR_FAILURE)"  location: "JS frame :: resource://activity-stream/lib/SnippetsFeed.jsm :: uninit :: line 125"  data: no] Stack trace: uninit()@resource://activity-stream/lib/SnippetsFeed.jsm:125 < onAction()@resource://activity-stream/lib/SnippetsFeed.jsm:141 < _middleware/</<()@resource://activity-stream/lib/Store.jsm:51 < Store/this[method]()@resource://activity-stream/lib/Store.jsm:30 < uninit()@resource://activity-stream/lib/Store.jsm:153 < uninit()@resource://activity-stream/lib/ActivityStream.jsm:278 < uninit()@resource://gre/modules/addons/XPIProvider.jsm -> jar:file:///C:/Program%20Files/Mozilla%20Firefox/browser/features/activity-stream@mozilla.org.xpi!/bootstrap.js:80 < shutdown()@resource://gre/modules/addons/XPIProvider.jsm -> jar:file:///C:/Program%20Files/Mozilla%20Firefox/browser/features/activity-stream@mozilla.org.xpi!/bootstrap.js:196 < callBootstrapMethod()@resource://gre/modules/addons/XPIProvider.jsm:4406 < observe()@resource://gre/modules/addons/XPIProvider.jsm:2270 < GeckoDriver.prototype.quit()@driver.js:3381 < despatch()@server.js:560 < execute()@server.js:534 < onPacket/<()@server.js:509 < onPacket()@server.js:508 < _onJSONObjectReady/<()@transport.js:500
Unable to read VR Path Registry from C:\Users\Oscar\AppData\Local\openvr\openvrpaths.vrpath
[Parent 29092, Gecko_IOThread] WARNING: pipe error: 109: file z:/build/build/src/ipc/chromium/src/chrome/common/ipc_channel_win.cc, line 346
1518063537900	geckodriver	INFO	geckodriver 0.19.1
1518063537916	geckodriver	INFO	Listening on 127.0.0.1:63942
1518063541026	mozrunner::runner	INFO	Running command: "C:\\Program Files\\Mozilla Firefox\\firefox.exe" "-marionette" "-profile" "C:\\Users\\Oscar\\AppData\\Local\\Temp\\rust_mozprofile.lD4YGAtmBaxW"
1518063541922	Marionette	INFO	Enabled via --marionette
1518063545268	Marionette	INFO	Listening on port 63950
1518063546393	Marionette	WARN	TLS certificate errors will be ignored for this session
1518063547174	addons.xpi	WARN	Exception running bootstrap method shutdown on activity-stream@mozilla.org: [Exception... "Component returned failure code: 0x80004005 (NS_ERROR_FAILURE) [nsIObserverService.removeObserver]"  nsresult: "0x80004005 (NS_ERROR_FAILURE)"  location: "JS frame :: resource://activity-stream/lib/SnippetsFeed.jsm :: uninit :: line 125"  data: no] Stack trace: uninit()@resource://activity-stream/lib/SnippetsFeed.jsm:125 < onAction()@resource://activity-stream/lib/SnippetsFeed.jsm:141 < _middleware/</<()@resource://activity-stream/lib/Store.jsm:51 < Store/this[method]()@resource://activity-stream/lib/Store.jsm:30 < uninit()@resource://activity-stream/lib/Store.jsm:153 < uninit()@resource://activity-stream/lib/ActivityStream.jsm:278 < uninit()@resource://gre/modules/addons/XPIProvider.jsm -> jar:file:///C:/Program%20Files/Mozilla%20Firefox/browser/features/activity-stream@mozilla.org.xpi!/bootstrap.js:80 < shutdown()@resource://gre/modules/addons/XPIProvider.jsm -> jar:file:///C:/Program%20Files/Mozilla%20Firefox/browser/features/activity-stream@mozilla.org.xpi!/bootstrap.js:196 < callBootstrapMethod()@resource://gre/modules/addons/XPIProvider.jsm:4406 < observe()@resource://gre/modules/addons/XPIProvider.jsm:2270 < GeckoDriver.prototype.quit()@driver.js:3381 < despatch()@server.js:560 < execute()@server.js:534 < onPacket/<()@server.js:509 < onPacket()@server.js:508 < _onJSONObjectReady/<()@transport.js:500
Unable to read VR Path Registry from C:\Users\Oscar\AppData\Local\openvr\openvrpaths.vrpath
[Parent 24740, Gecko_IOThread] WARNING: pipe error: 109: file z:/build/build/src/ipc/chromium/src/chrome/common/ipc_channel_win.cc, line 346
1518063663326	geckodriver	INFO	geckodriver 0.19.1
1518063663342	geckodriver	INFO	Listening on 127.0.0.1:63981
1518063666527	mozrunner::runner	INFO	Running command: "C:\\Program Files\\Mozilla Firefox\\firefox.exe" "-marionette" "-profile" "C:\\Users\\Oscar\\AppData\\Local\\Temp\\rust_mozprofile.oRvBXl3y8EVL"
1518063667542	Marionette	INFO	Enabled via --marionette
1518063671114	Marionette	INFO	Listening on port 63989
1518063671876	Marionette	WARN	TLS certificate errors will be ignored for this session
1518063672924	addons.xpi	WARN	Exception running bootstrap method shutdown on activity-stream@mozilla.org: [Exception... "Component returned failure code: 0x80004005 (NS_ERROR_FAILURE) [nsIObserverService.removeObserver]"  nsresult: "0x80004005 (NS_ERROR_FAILURE)"  location: "JS frame :: resource://activity-stream/lib/SnippetsFeed.jsm :: uninit :: line 125"  data: no] Stack trace: uninit()@resource://activity-stream/lib/SnippetsFeed.jsm:125 < onAction()@resource://activity-stream/lib/SnippetsFeed.jsm:141 < _middleware/</<()@resource://activity-stream/lib/Store.jsm:51 < Store/this[method]()@resource://activity-stream/lib/Store.jsm:30 < uninit()@resource://activity-stream/lib/Store.jsm:153 < uninit()@resource://activity-stream/lib/ActivityStream.jsm:278 < uninit()@resource://gre/modules/addons/XPIProvider.jsm -> jar:file:///C:/Program%20Files/Mozilla%20Firefox/browser/features/activity-stream@mozilla.org.xpi!/bootstrap.js:80 < shutdown()@resource://gre/modules/addons/XPIProvider.jsm -> jar:file:///C:/Program%20Files/Mozilla%20Firefox/browser/features/activity-stream@mozilla.org.xpi!/bootstrap.js:196 < callBootstrapMethod()@resource://gre/modules/addons/XPIProvider.jsm:4406 < observe()@resource://gre/modules/addons/XPIProvider.jsm:2270 < GeckoDriver.prototype.quit()@driver.js:3381 < despatch()@server.js:560 < execute()@server.js:534 < onPacket/<()@server.js:509 < onPacket()@server.js:508 < _onJSONObjectReady/<()@transport.js:500
Unable to read VR Path Registry from C:\Users\Oscar\AppData\Local\openvr\openvrpaths.vrpath
[Parent 22020, Gecko_IOThread] WARNING: pipe error: 109: file z:/build/build/src/ipc/chromium/src/chrome/common/ipc_channel_win.cc, line 346
Unable to read VR Path Registry from C:\Users\Oscar\AppData\Local\openvr\openvrpaths.vrpath
[Child 27236, Chrome_ChildThread] WARNING: pipe error: 109: file z:/build/build/src/ipc/chromium/src/chrome/common/ipc_channel_win.cc, line 346
1518064032914	geckodriver	INFO	geckodriver 0.19.1
1518064032936	geckodriver	INFO	Listening on 127.0.0.1:64033
1518064036154	mozrunner::runner	INFO	Running command: "C:\\Program Files\\Mozilla Firefox\\firefox.exe" "-marionette" "-profile" "C:\\Users\\Oscar\\AppData\\Local\\Temp\\rust_mozprofile.S6t0RgrvrbeJ"
1518064037149	Marionette	INFO	Enabled via --marionette
1518064040655	Marionette	INFO	Listening on port 64041
1518064041458	Marionette	WARN	TLS certificate errors will be ignored for this session
Unable to read VR Path Registry from C:\Users\Oscar\AppData\Local\openvr\openvrpaths.vrpath
[Parent 25668, Gecko_IOThread] WARNING: pipe error: 109: file z:/build/build/src/ipc/chromium/src/chrome/common/ipc_channel_win.cc, line 346
1518064080754	geckodriver	INFO	geckodriver 0.19.1
1518064080754	geckodriver	INFO	Listening on 127.0.0.1:64080
1518064083934	mozrunner::runner	INFO	Running command: "C:\\Program Files\\Mozilla Firefox\\firefox.exe" "-marionette" "-profile" "C:\\Users\\Oscar\\AppData\\Local\\Temp\\rust_mozprofile.MLPuXds8rB9e"
1518064084979	Marionette	INFO	Enabled via --marionette
1518064088391	Marionette	INFO	Listening on port 64088
1518064089253	Marionette	WARN	TLS certificate errors will be ignored for this session
1518064091121	addons.xpi	WARN	Exception running bootstrap method shutdown on activity-stream@mozilla.org: [Exception... "Component returned failure code: 0x80004005 (NS_ERROR_FAILURE) [nsIObserverService.removeObserver]"  nsresult: "0x80004005 (NS_ERROR_FAILURE)"  location: "JS frame :: resource://activity-stream/lib/SnippetsFeed.jsm :: uninit :: line 125"  data: no] Stack trace: uninit()@resource://activity-stream/lib/SnippetsFeed.jsm:125 < onAction()@resource://activity-stream/lib/SnippetsFeed.jsm:141 < _middleware/</<()@resource://activity-stream/lib/Store.jsm:51 < Store/this[method]()@resource://activity-stream/lib/Store.jsm:30 < uninit()@resource://activity-stream/lib/Store.jsm:153 < uninit()@resource://activity-stream/lib/ActivityStream.jsm:278 < uninit()@resource://gre/modules/addons/XPIProvider.jsm -> jar:file:///C:/Program%20Files/Mozilla%20Firefox/browser/features/activity-stream@mozilla.org.xpi!/bootstrap.js:80 < shutdown()@resource://gre/modules/addons/XPIProvider.jsm -> jar:file:///C:/Program%20Files/Mozilla%20Firefox/browser/features/activity-stream@mozilla.org.xpi!/bootstrap.js:196 < callBootstrapMethod()@resource://gre/modules/addons/XPIProvider.jsm:4406 < observe()@resource://gre/modules/addons/XPIProvider.jsm:2270 < GeckoDriver.prototype.quit()@driver.js:3381 < despatch()@server.js:560 < execute()@server.js:534 < onPacket/<()@server.js:509 < onPacket()@server.js:508 < _onJSONObjectReady/<()@transport.js:500
Unable to read VR Path Registry from C:\Users\Oscar\AppData\Local\openvr\openvrpaths.vrpath
[Child 26132, Chrome_ChildThread] WARNING: pipe error: 109: file z:/build/build/src/ipc/chromium/src/chrome/common/ipc_channel_win.cc, line 346
1518064207080	geckodriver	INFO	geckodriver 0.19.1
1518064207111	geckodriver	INFO	Listening on 127.0.0.1:64129
1518064210267	mozrunner::runner	INFO	Running command: "C:\\Program Files\\Mozilla Firefox\\firefox.exe" "-marionette" "-profile" "C:\\Users\\Oscar\\AppData\\Local\\Temp\\rust_mozprofile.YY2JTgfYkDD2"
1518064211142	Marionette	INFO	Enabled via --marionette
1518064214407	Marionette	INFO	Listening on port 64137
1518064214492	Marionette	WARN	TLS certificate errors will be ignored for this session
1518064216706	addons.xpi	WARN	Exception running bootstrap method shutdown on activity-stream@mozilla.org: [Exception... "Component returned failure code: 0x80004005 (NS_ERROR_FAILURE) [nsIObserverService.removeObserver]"  nsresult: "0x80004005 (NS_ERROR_FAILURE)"  location: "JS frame :: resource://activity-stream/lib/SnippetsFeed.jsm :: uninit :: line 125"  data: no] Stack trace: uninit()@resource://activity-stream/lib/SnippetsFeed.jsm:125 < onAction()@resource://activity-stream/lib/SnippetsFeed.jsm:141 < _middleware/</<()@resource://activity-stream/lib/Store.jsm:51 < Store/this[method]()@resource://activity-stream/lib/Store.jsm:30 < uninit()@resource://activity-stream/lib/Store.jsm:153 < uninit()@resource://activity-stream/lib/ActivityStream.jsm:278 < uninit()@resource://gre/modules/addons/XPIProvider.jsm -> jar:file:///C:/Program%20Files/Mozilla%20Firefox/browser/features/activity-stream@mozilla.org.xpi!/bootstrap.js:80 < shutdown()@resource://gre/modules/addons/XPIProvider.jsm -> jar:file:///C:/Program%20Files/Mozilla%20Firefox/browser/features/activity-stream@mozilla.org.xpi!/bootstrap.js:196 < callBootstrapMethod()@resource://gre/modules/addons/XPIProvider.jsm:4406 < observe()@resource://gre/modules/addons/XPIProvider.jsm:2270 < GeckoDriver.prototype.quit()@driver.js:3381 < despatch()@server.js:560 < execute()@server.js:534 < onPacket/<()@server.js:509 < onPacket()@server.js:508 < _onJSONObjectReady/<()@transport.js:500
Unable to read VR Path Registry from C:\Users\Oscar\AppData\Local\openvr\openvrpaths.vrpath
[Child 22012, Chrome_ChildThread] WARNING: pipe error: 109: file z:/build/build/src/ipc/chromium/src/chrome/common/ipc_channel_win.cc, line 346
1518065272274	geckodriver	INFO	geckodriver 0.19.1
1518065272290	geckodriver	INFO	Listening on 127.0.0.1:64205
1518065275578	mozrunner::runner	INFO	Running command: "C:\\Program Files\\Mozilla Firefox\\firefox.exe" "-marionette" "-profile" "C:\\Users\\Oscar\\AppData\\Local\\Temp\\rust_mozprofile.G3m1YrQpFha7"
1518065277022	Marionette	INFO	Enabled via --marionette
1518065280468	Marionette	INFO	Listening on port 64213
1518065280888	Marionette	WARN	TLS certificate errors will be ignored for this session
1518065283105	addons.xpi	WARN	Exception running bootstrap method shutdown on activity-stream@mozilla.org: [Exception... "Component returned failure code: 0x80004005 (NS_ERROR_FAILURE) [nsIObserverService.removeObserver]"  nsresult: "0x80004005 (NS_ERROR_FAILURE)"  location: "JS frame :: resource://activity-stream/lib/SnippetsFeed.jsm :: uninit :: line 125"  data: no] Stack trace: uninit()@resource://activity-stream/lib/SnippetsFeed.jsm:125 < onAction()@resource://activity-stream/lib/SnippetsFeed.jsm:141 < _middleware/</<()@resource://activity-stream/lib/Store.jsm:51 < Store/this[method]()@resource://activity-stream/lib/Store.jsm:30 < uninit()@resource://activity-stream/lib/Store.jsm:153 < uninit()@resource://activity-stream/lib/ActivityStream.jsm:278 < uninit()@resource://gre/modules/addons/XPIProvider.jsm -> jar:file:///C:/Program%20Files/Mozilla%20Firefox/browser/features/activity-stream@mozilla.org.xpi!/bootstrap.js:80 < shutdown()@resource://gre/modules/addons/XPIProvider.jsm -> jar:file:///C:/Program%20Files/Mozilla%20Firefox/browser/features/activity-stream@mozilla.org.xpi!/bootstrap.js:196 < callBootstrapMethod()@resource://gre/modules/addons/XPIProvider.jsm:4406 < observe()@resource://gre/modules/addons/XPIProvider.jsm:2270 < GeckoDriver.prototype.quit()@driver.js:3381 < despatch()@server.js:560 < execute()@server.js:534 < onPacket/<()@server.js:509 < onPacket()@server.js:508 < _onJSONObjectReady/<()@transport.js:500
